2024/11/21 15:48:46 [notice] 1#1: using the "epoll" event method
2024/11/21 15:48:46 [notice] 1#1: nginx/1.26.2
2024/11/21 15:48:46 [notice] 1#1: built by gcc 13.2.1 20240309 (Alpine 13.2.1_git20240309) 
2024/11/21 15:48:46 [notice] 1#1: OS: Linux 6.10.11-linuxkit
2024/11/21 15:48:46 [notice] 1#1: getrlimit(RLIMIT_NOFILE): 1048576:1048576
2024/11/21 15:48:46 [notice] 1#1: start worker processes
2024/11/21 15:48:46 [notice] 1#1: start worker process 29
2024/11/21 15:48:46 [notice] 1#1: start worker process 30
2024/11/21 15:48:46 [notice] 1#1: start worker process 31
2024/11/21 15:48:46 [notice] 1#1: start worker process 32
2024/11/21 15:48:46 [notice] 1#1: start worker process 33
2024/11/21 15:48:46 [notice] 1#1: start worker process 34
2024/11/21 15:48:46 [notice] 1#1: start worker process 35
2024/11/21 15:48:46 [notice] 1#1: start worker process 36
2024/11/21 16:51:40 [notice] 1#1: signal 3 (SIGQUIT) received, shutting down
2024/11/21 16:51:40 [notice] 30#30: gracefully shutting down
2024/11/21 16:51:40 [notice] 36#36: gracefully shutting down
2024/11/21 16:51:40 [notice] 31#31: gracefully shutting down
2024/11/21 16:51:40 [notice] 36#36: exiting
2024/11/21 16:51:40 [notice] 29#29: gracefully shutting down
2024/11/21 16:51:40 [notice] 35#35: gracefully shutting down
2024/11/21 16:51:40 [notice] 34#34: gracefully shutting down
2024/11/21 16:51:40 [notice] 32#32: gracefully shutting down
2024/11/21 16:51:40 [notice] 33#33: gracefully shutting down
2024/11/21 16:51:40 [notice] 30#30: exiting
2024/11/21 16:51:40 [notice] 31#31: exiting
2024/11/21 16:51:40 [notice] 36#36: exit
2024/11/21 16:51:40 [notice] 29#29: exiting
2024/11/21 16:51:40 [notice] 31#31: exit
2024/11/21 16:51:40 [notice] 35#35: exiting
2024/11/21 16:51:40 [notice] 34#34: exiting
2024/11/21 16:51:40 [notice] 32#32: exiting
2024/11/21 16:51:40 [notice] 34#34: exit
2024/11/21 16:51:40 [notice] 33#33: exiting
2024/11/21 16:51:40 [notice] 30#30: exit
2024/11/21 16:51:40 [notice] 29#29: exit
2024/11/21 16:51:40 [notice] 35#35: exit
2024/11/21 16:51:40 [notice] 32#32: exit
2024/11/21 16:51:40 [notice] 33#33: exit
2024/11/21 16:51:40 [notice] 1#1: signal 17 (SIGCHLD) received from 31
2024/11/21 16:51:40 [notice] 1#1: worker process 29 exited with code 0
2024/11/21 16:51:40 [notice] 1#1: worker process 30 exited with code 0
2024/11/21 16:51:40 [notice] 1#1: worker process 31 exited with code 0
2024/11/21 16:51:40 [notice] 1#1: worker process 32 exited with code 0
2024/11/21 16:51:40 [notice] 1#1: worker process 33 exited with code 0
2024/11/21 16:51:40 [notice] 1#1: worker process 34 exited with code 0
2024/11/21 16:51:40 [notice] 1#1: worker process 35 exited with code 0
2024/11/21 16:51:40 [notice] 1#1: worker process 36 exited with code 0
2024/11/21 16:51:40 [notice] 1#1: exit
2024/11/22 09:15:08 [notice] 1#1: using the "epoll" event method
2024/11/22 09:15:08 [notice] 1#1: nginx/1.26.2
2024/11/22 09:15:08 [notice] 1#1: built by gcc 13.2.1 20240309 (Alpine 13.2.1_git20240309) 
2024/11/22 09:15:08 [notice] 1#1: OS: Linux 6.10.11-linuxkit
2024/11/22 09:15:08 [notice] 1#1: getrlimit(RLIMIT_NOFILE): 1048576:1048576
2024/11/22 09:15:08 [notice] 1#1: start worker processes
2024/11/22 09:15:08 [notice] 1#1: start worker process 28
2024/11/22 09:15:08 [notice] 1#1: start worker process 29
2024/11/22 09:15:08 [notice] 1#1: start worker process 30
2024/11/22 09:15:08 [notice] 1#1: start worker process 31
2024/11/22 09:15:08 [notice] 1#1: start worker process 32
2024/11/22 09:15:08 [notice] 1#1: start worker process 33
2024/11/22 09:15:08 [notice] 1#1: start worker process 34
2024/11/22 09:15:08 [notice] 1#1: start worker process 35
2024/11/22 09:15:39 [notice] 1#1: signal 3 (SIGQUIT) received, shutting down
2024/11/22 09:15:39 [notice] 28#28: gracefully shutting down
2024/11/22 09:15:39 [notice] 29#29: gracefully shutting down
2024/11/22 09:15:39 [notice] 30#30: gracefully shutting down
2024/11/22 09:15:39 [notice] 28#28: exiting
2024/11/22 09:15:39 [notice] 35#35: gracefully shutting down
2024/11/22 09:15:39 [notice] 30#30: exiting
2024/11/22 09:15:39 [notice] 33#33: gracefully shutting down
2024/11/22 09:15:39 [notice] 28#28: exit
2024/11/22 09:15:39 [notice] 32#32: gracefully shutting down
2024/11/22 09:15:39 [notice] 34#34: gracefully shutting down
2024/11/22 09:15:39 [notice] 31#31: gracefully shutting down
2024/11/22 09:15:39 [notice] 29#29: exiting
2024/11/22 09:15:39 [notice] 35#35: exiting
2024/11/22 09:15:39 [notice] 30#30: exit
2024/11/22 09:15:39 [notice] 31#31: exiting
2024/11/22 09:15:39 [notice] 33#33: exiting
2024/11/22 09:15:39 [notice] 31#31: exit
2024/11/22 09:15:39 [notice] 32#32: exiting
2024/11/22 09:15:39 [notice] 34#34: exiting
2024/11/22 09:15:39 [notice] 29#29: exit
2024/11/22 09:15:39 [notice] 35#35: exit
2024/11/22 09:15:39 [notice] 33#33: exit
2024/11/22 09:15:39 [notice] 32#32: exit
2024/11/22 09:15:39 [notice] 34#34: exit
2024/11/22 09:15:39 [notice] 1#1: signal 17 (SIGCHLD) received from 28
2024/11/22 09:15:39 [notice] 1#1: worker process 28 exited with code 0
2024/11/22 09:15:39 [notice] 1#1: worker process 29 exited with code 0
2024/11/22 09:15:39 [notice] 1#1: worker process 30 exited with code 0
2024/11/22 09:15:39 [notice] 1#1: worker process 35 exited with code 0
2024/11/22 09:15:39 [notice] 1#1: signal 29 (SIGIO) received
2024/11/22 09:15:39 [notice] 1#1: signal 17 (SIGCHLD) received from 29
2024/11/22 09:15:39 [notice] 1#1: signal 17 (SIGCHLD) received from 32
2024/11/22 09:15:39 [notice] 1#1: worker process 31 exited with code 0
2024/11/22 09:15:39 [notice] 1#1: worker process 32 exited with code 0
2024/11/22 09:15:39 [notice] 1#1: worker process 33 exited with code 0
2024/11/22 09:15:39 [notice] 1#1: signal 29 (SIGIO) received
2024/11/22 09:15:39 [notice] 1#1: signal 17 (SIGCHLD) received from 33
2024/11/22 09:15:39 [notice] 1#1: signal 17 (SIGCHLD) received from 34
2024/11/22 09:15:39 [notice] 1#1: worker process 34 exited with code 0
2024/11/22 09:15:39 [notice] 1#1: exit
2024/11/22 09:16:00 [notice] 1#1: using the "epoll" event method
2024/11/22 09:16:00 [notice] 1#1: nginx/1.26.2
2024/11/22 09:16:00 [notice] 1#1: built by gcc 13.2.1 20240309 (Alpine 13.2.1_git20240309) 
2024/11/22 09:16:00 [notice] 1#1: OS: Linux 6.10.11-linuxkit
2024/11/22 09:16:00 [notice] 1#1: getrlimit(RLIMIT_NOFILE): 1048576:1048576
2024/11/22 09:16:00 [notice] 1#1: start worker processes
2024/11/22 09:16:00 [notice] 1#1: start worker process 29
2024/11/22 09:16:00 [notice] 1#1: start worker process 30
2024/11/22 09:16:00 [notice] 1#1: start worker process 31
2024/11/22 09:16:00 [notice] 1#1: start worker process 32
2024/11/22 09:16:00 [notice] 1#1: start worker process 33
2024/11/22 09:16:00 [notice] 1#1: start worker process 34
2024/11/22 09:16:00 [notice] 1#1: start worker process 35
2024/11/22 09:16:00 [notice] 1#1: start worker process 36
2024/11/22 13:37:27 [emerg] 1#1: host not found in upstream "php" in /etc/nginx/conf.d/default.conf:16
2024/11/22 13:37:30 [emerg] 1#1: host not found in upstream "php" in /etc/nginx/conf.d/default.conf:16
2024/11/22 13:37:32 [emerg] 1#1: host not found in upstream "php" in /etc/nginx/conf.d/default.conf:16
2024/11/22 13:37:33 [emerg] 1#1: host not found in upstream "php" in /etc/nginx/conf.d/default.conf:16
2024/11/22 13:37:34 [emerg] 1#1: host not found in upstream "php" in /etc/nginx/conf.d/default.conf:16
2024/11/22 13:37:36 [emerg] 1#1: host not found in upstream "php" in /etc/nginx/conf.d/default.conf:16
2024/11/22 13:37:39 [emerg] 1#1: host not found in upstream "php" in /etc/nginx/conf.d/default.conf:16
2024/11/22 13:37:46 [emerg] 1#1: host not found in upstream "php" in /etc/nginx/conf.d/default.conf:16
2024/11/22 13:39:01 [emerg] 1#1: host not found in upstream "php" in /etc/nginx/conf.d/default.conf:16
2024/11/22 13:39:01 [emerg] 1#1: host not found in upstream "php" in /etc/nginx/conf.d/default.conf:16
2024/11/22 13:39:02 [emerg] 1#1: host not found in upstream "php" in /etc/nginx/conf.d/default.conf:16
2024/11/22 13:39:03 [emerg] 1#1: host not found in upstream "php" in /etc/nginx/conf.d/default.conf:16
2024/11/22 13:39:04 [emerg] 1#1: host not found in upstream "php" in /etc/nginx/conf.d/default.conf:16
2024/11/22 13:39:06 [emerg] 1#1: host not found in upstream "php" in /etc/nginx/conf.d/default.conf:16
2024/11/22 13:39:10 [emerg] 1#1: host not found in upstream "php" in /etc/nginx/conf.d/default.conf:16
2024/11/22 13:39:16 [emerg] 1#1: host not found in upstream "php" in /etc/nginx/conf.d/default.conf:16
2024/11/22 13:39:29 [emerg] 1#1: host not found in upstream "php" in /etc/nginx/conf.d/default.conf:16
2024/11/22 13:39:55 [emerg] 1#1: host not found in upstream "php" in /etc/nginx/conf.d/default.conf:16
2024/11/22 13:40:46 [emerg] 1#1: host not found in upstream "php" in /etc/nginx/conf.d/default.conf:16
2024/11/22 13:41:47 [emerg] 1#1: host not found in upstream "php" in /etc/nginx/conf.d/default.conf:16
2024/11/22 13:42:47 [emerg] 1#1: host not found in upstream "php" in /etc/nginx/conf.d/default.conf:16
2024/11/22 13:43:47 [emerg] 1#1: host not found in upstream "php" in /etc/nginx/conf.d/default.conf:16
2024/11/22 13:44:47 [emerg] 1#1: host not found in upstream "php" in /etc/nginx/conf.d/default.conf:16
2024/11/22 13:45:47 [emerg] 1#1: host not found in upstream "php" in /etc/nginx/conf.d/default.conf:16
2024/11/22 13:46:48 [emerg] 1#1: host not found in upstream "php" in /etc/nginx/conf.d/default.conf:16
2024/11/22 13:47:48 [emerg] 1#1: host not found in upstream "php" in /etc/nginx/conf.d/default.conf:16
2024/11/22 13:48:48 [notice] 1#1: using the "epoll" event method
2024/11/22 13:48:48 [notice] 1#1: nginx/1.26.2
2024/11/22 13:48:48 [notice] 1#1: built by gcc 13.2.1 20240309 (Alpine 13.2.1_git20240309) 
2024/11/22 13:48:48 [notice] 1#1: OS: Linux 6.10.11-linuxkit
2024/11/22 13:48:48 [notice] 1#1: getrlimit(RLIMIT_NOFILE): 1048576:1048576
2024/11/22 13:48:48 [notice] 1#1: start worker processes
2024/11/22 13:48:48 [notice] 1#1: start worker process 29
2024/11/22 13:48:48 [notice] 1#1: start worker process 30
2024/11/22 13:48:48 [notice] 1#1: start worker process 31
2024/11/22 13:48:48 [notice] 1#1: start worker process 32
2024/11/22 13:48:48 [notice] 1#1: start worker process 33
2024/11/22 13:48:48 [notice] 1#1: start worker process 34
2024/11/22 13:48:48 [notice] 1#1: start worker process 35
2024/11/22 13:48:48 [notice] 1#1: start worker process 36
